Using pre-set license
Built from '2020.3/staging' branch; Version is '2020.3.6f1 (338bb68529b2) revision 3378102'; Using compiler version '192528614'; Build Type 'Release'
OS: 'Windows 10 Pro; OS build 19043.1110; Version 2009; 64bit' Language: 'en' Physical Memory: 16297 MB
BatchMode: 1, IsHumanControllingUs: 0, StartBugReporterOnCrash: 0, Is64bit: 1, IsPro: 0

 COMMAND LINE ARGUMENTS:
C:\Program Files\Unity\Editor\Unity.exe
-adb2
-batchMode
-noUpm
-name
AssetImportWorker0
-projectPath
E:/Unity Projects/Tux Coding/Stage1/Tux_coding_Stage_1
-logFile
Logs/AssetImportWorker0.log
-srvPort
54930
Successfully changed project path to: E:/Unity Projects/Tux Coding/Stage1/Tux_coding_Stage_1
E:/Unity Projects/Tux Coding/Stage1/Tux_coding_Stage_1
Using Asset Import Pipeline V2.
Refreshing native plugins compatible for Editor in 20.70 ms, found 0 plugins.
Preloading 0 native plugins for Editor in 0.00 ms.
Initialize engine version: 2020.3.6f1 (338bb68529b2)
[Subsystems] Discovering subsystems at path C:/Program Files/Unity/Editor/Data/Resources/UnitySubsystems
[Subsystems] Discovering subsystems at path E:/Unity Projects/Tux Coding/Stage1/Tux_coding_Stage_1/Assets
GfxDevice: creating device client; threaded=0
Direct3D:
    Version:  Direct3D 11.0 [level 11.1]
    Renderer: NVIDIA GeForce GTX 1050 Ti (ID=0x1c82)
    Vendor:   
    VRAM:     4018 MB
    Driver:   27.21.14.6647
Initialize mono
Mono path[0] = 'C:/Program Files/Unity/Editor/Data/Managed'
Mono path[1] = 'C:/Program Files/Unity/Editor/Data/MonoBleedingEdge/lib/mono/unityjit'
Mono config path = 'C:/Program Files/Unity/Editor/Data/MonoBleedingEdge/etc'
Using monoOptions --debugger-agent=transport=dt_socket,embedding=1,server=y,suspend=n,address=127.0.0.1:56688
Begin MonoManager ReloadAssembly
Registering precompiled unity dll's ...
Register platform support module: C:/Program Files/Unity/Editor/Data/PlaybackEngines/WindowsStandaloneSupport/UnityEditor.WindowsStandalone.Extensions.dll
Registered in 0.001609 seconds.
Native extension for WindowsStandalone target not found
Refreshing native plugins compatible for Editor in 21.60 ms, found 0 plugins.
Preloading 0 native plugins for Editor in 0.00 ms.
Mono: successfully reloaded assembly
- Completed reload, in  0.793 seconds
Platform modules already initialized, skipping
Registering precompiled user dll's ...
Registered in 0.000355 seconds.
Begin MonoManager ReloadAssembly
Native extension for WindowsStandalone target not found
Refreshing native plugins compatible for Editor in 0.27 ms, found 0 plugins.
Preloading 0 native plugins for Editor in 0.00 ms.
Mono: successfully reloaded assembly
- Completed reload, in  0.660 seconds
Platform modules already initialized, skipping
========================================================================
Worker process is ready to serve import requests
Launched and connected shader compiler UnityShaderCompiler.exe after 0.03 seconds
Refreshing native plugins compatible for Editor in 0.28 ms, found 0 plugins.
Preloading 0 native plugins for Editor in 0.00 ms.
Unloading 1180 Unused Serialized files (Serialized files now loaded: 0)
System memory in use before: 61.1 MB.
System memory in use after: 61.2 MB.

Unloading 10 unused Assets to reduce memory usage. Loaded Objects now: 1625.
Total: 1.597500 ms (FindLiveObjects: 0.145700 ms CreateObjectMapping: 0.031800 ms MarkObjects: 1.340600 ms  DeleteObjects: 0.078500 ms)

========================================================================
Received Import Request.
  path: Assets/Prefab/String.prefab
  artifactKey: Guid(8075df1a6dc24d347ad1f003850d4347) Importer(815301076,1909f56bfc062723c751e8b465ee728b)
Start importing Assets/Prefab/String.prefab using Guid(8075df1a6dc24d347ad1f003850d4347) Importer(815301076,1909f56bfc062723c751e8b465ee728b)  -> (artifact id: 'cb32d8ede64f15df7843ca7bbd80c7ef') in 0.078358 seconds
  Import took 0.080942 seconds .

========================================================================
Received Import Request.
  Time since last request: 0.000246 seconds.
  path: Assets/Prefab/Bool.prefab
  artifactKey: Guid(38180342a2bb6504db806233d2b5fe3c) Importer(815301076,1909f56bfc062723c751e8b465ee728b)
Start importing Assets/Prefab/Bool.prefab using Guid(38180342a2bb6504db806233d2b5fe3c) Importer(815301076,1909f56bfc062723c751e8b465ee728b)  -> (artifact id: '6b240caf5d1407a9485290beea09a56d') in 0.014275 seconds
  Import took 0.017515 seconds .

========================================================================
Received Import Request.
  Time since last request: 0.000168 seconds.
  path: Assets/Prefab/Char.prefab
  artifactKey: Guid(123f4b5ca0b539d44bedced7bd53f385) Importer(815301076,1909f56bfc062723c751e8b465ee728b)
Start importing Assets/Prefab/Char.prefab using Guid(123f4b5ca0b539d44bedced7bd53f385) Importer(815301076,1909f56bfc062723c751e8b465ee728b)  -> (artifact id: '653208f1c801d8d5eb297462b57e7966') in 0.011764 seconds
  Import took 0.013652 seconds .

========================================================================
Received Import Request.
  Time since last request: 0.000169 seconds.
  path: Assets/Prefab/Int.prefab
  artifactKey: Guid(900ae64499a4f054c9436d539c50756a) Importer(815301076,1909f56bfc062723c751e8b465ee728b)
Start importing Assets/Prefab/Int.prefab using Guid(900ae64499a4f054c9436d539c50756a) Importer(815301076,1909f56bfc062723c751e8b465ee728b)  -> (artifact id: '42d479035382615f69f6239794355f2e') in 0.011421 seconds
  Import took 0.013308 seconds .

========================================================================
Received Import Request.
  Time since last request: 0.000225 seconds.
  path: Assets/Prefab/Float.prefab
  artifactKey: Guid(f1c0a19abc2fa4d4f8893edbede6e77b) Importer(815301076,1909f56bfc062723c751e8b465ee728b)
Start importing Assets/Prefab/Float.prefab using Guid(f1c0a19abc2fa4d4f8893edbede6e77b) Importer(815301076,1909f56bfc062723c751e8b465ee728b)  -> (artifact id: 'c51ed33286b2548f17d849790be5b065') in 0.011553 seconds
  Import took 0.013776 seconds .

========================================================================
Received Prepare
Refreshing native plugins compatible for Editor in 0.64 ms, found 0 plugins.
Preloading 0 native plugins for Editor in 0.00 ms.
Unloading 3 Unused Serialized files (Serialized files now loaded: 0)
System memory in use before: 40.0 MB.
System memory in use after: 40.1 MB.

Unloading 3 unused Assets to reduce memory usage. Loaded Objects now: 1632.
Total: 2.113900 ms (FindLiveObjects: 0.160600 ms CreateObjectMapping: 0.026400 ms MarkObjects: 1.882500 ms  DeleteObjects: 0.043300 ms)

========================================================================
Received Import Request.
  Time since last request: 4.043154 seconds.
  path: Assets/Script/generateGiven.cs
  artifactKey: Guid(300d5d899675b2b48b5e0ef8194f7859) Importer(815301076,1909f56bfc062723c751e8b465ee728b)
Start importing Assets/Script/generateGiven.cs using Guid(300d5d899675b2b48b5e0ef8194f7859) Importer(815301076,1909f56bfc062723c751e8b465ee728b)  -> (artifact id: 'de05c62e4aa2e6e70badbdf250d60ded') in 0.008143 seconds
  Import took 0.010143 seconds .

========================================================================
Received Import Request.
  Time since last request: 0.020992 seconds.
  path: Assets/Script/generateGiven.cs
  artifactKey: Guid(300d5d899675b2b48b5e0ef8194f7859) Importer(815301076,1909f56bfc062723c751e8b465ee728b)
Start importing Assets/Script/generateGiven.cs using Guid(300d5d899675b2b48b5e0ef8194f7859) Importer(815301076,1909f56bfc062723c751e8b465ee728b)  -> (artifact id: 'de05c62e4aa2e6e70badbdf250d60ded') in 0.001190 seconds
  Import took 0.002525 seconds .

========================================================================
Received Import Request.
  Time since last request: 0.294496 seconds.
  path: Assets/Script/GameManager.cs
  artifactKey: Guid(17591eb96f00f394d8fb3f59cbc4456e) Importer(815301076,1909f56bfc062723c751e8b465ee728b)
Start importing Assets/Script/GameManager.cs using Guid(17591eb96f00f394d8fb3f59cbc4456e) Importer(815301076,1909f56bfc062723c751e8b465ee728b)  -> (artifact id: '8ee22ebcf46612ea5ae873ec777ba685') in 0.006070 seconds
  Import took 0.008347 seconds .

========================================================================
Received Prepare
Registering precompiled user dll's ...
Registered in 0.000391 seconds.
Begin MonoManager ReloadAssembly
Native extension for WindowsStandalone target not found
Refreshing native plugins compatible for Editor in 0.26 ms, found 0 plugins.
Preloading 0 native plugins for Editor in 0.00 ms.
Mono: successfully reloaded assembly
- Completed reload, in  0.647 seconds
Platform modules already initialized, skipping
Refreshing native plugins compatible for Editor in 0.26 ms, found 0 plugins.
Preloading 0 native plugins for Editor in 0.00 ms.
Unloading 1162 Unused Serialized files (Serialized files now loaded: 0)
System memory in use before: 62.9 MB.
System memory in use after: 63.0 MB.

Unloading 5 unused Assets to reduce memory usage. Loaded Objects now: 1635.
Total: 1.679700 ms (FindLiveObjects: 0.181400 ms CreateObjectMapping: 0.027100 ms MarkObjects: 1.414600 ms  DeleteObjects: 0.055300 ms)

========================================================================
Received Prepare
Registering precompiled user dll's ...
Registered in 0.000557 seconds.
Begin MonoManager ReloadAssembly
Native extension for WindowsStandalone target not found
Refreshing native plugins compatible for Editor in 0.29 ms, found 0 plugins.
Preloading 0 native plugins for Editor in 0.00 ms.
Mono: successfully reloaded assembly
- Completed reload, in  0.633 seconds
Platform modules already initialized, skipping
Refreshing native plugins compatible for Editor in 0.27 ms, found 0 plugins.
Preloading 0 native plugins for Editor in 0.00 ms.
Unloading 1162 Unused Serialized files (Serialized files now loaded: 0)
System memory in use before: 63.0 MB.
System memory in use after: 63.0 MB.

Unloading 5 unused Assets to reduce memory usage. Loaded Objects now: 1638.
Total: 1.519400 ms (FindLiveObjects: 0.153600 ms CreateObjectMapping: 0.031100 ms MarkObjects: 1.290500 ms  DeleteObjects: 0.043300 ms)

========================================================================
Received Prepare
Registering precompiled user dll's ...
Registered in 0.000556 seconds.
Begin MonoManager ReloadAssembly
Native extension for WindowsStandalone target not found
Refreshing native plugins compatible for Editor in 0.27 ms, found 0 plugins.
Preloading 0 native plugins for Editor in 0.00 ms.
Mono: successfully reloaded assembly
- Completed reload, in  0.642 seconds
Platform modules already initialized, skipping
Refreshing native plugins compatible for Editor in 0.26 ms, found 0 plugins.
Preloading 0 native plugins for Editor in 0.00 ms.
Unloading 1162 Unused Serialized files (Serialized files now loaded: 0)
System memory in use before: 63.0 MB.
System memory in use after: 63.0 MB.

Unloading 5 unused Assets to reduce memory usage. Loaded Objects now: 1641.
Total: 1.610200 ms (FindLiveObjects: 0.166400 ms CreateObjectMapping: 0.089400 ms MarkObjects: 1.300600 ms  DeleteObjects: 0.053000 ms)

========================================================================
Received Prepare
Registering precompiled user dll's ...
Registered in 0.000453 seconds.
Begin MonoManager ReloadAssembly
Native extension for WindowsStandalone target not found
Refreshing native plugins compatible for Editor in 0.33 ms, found 0 plugins.
Preloading 0 native plugins for Editor in 0.00 ms.
Mono: successfully reloaded assembly
- Completed reload, in  0.654 seconds
Platform modules already initialized, skipping
Refreshing native plugins compatible for Editor in 0.26 ms, found 0 plugins.
Preloading 0 native plugins for Editor in 0.00 ms.
Unloading 1162 Unused Serialized files (Serialized files now loaded: 0)
System memory in use before: 63.0 MB.
System memory in use after: 63.1 MB.

Unloading 5 unused Assets to reduce memory usage. Loaded Objects now: 1644.
Total: 1.616700 ms (FindLiveObjects: 0.133100 ms CreateObjectMapping: 0.031400 ms MarkObjects: 1.399100 ms  DeleteObjects: 0.052300 ms)

========================================================================
Received Prepare
Registering precompiled user dll's ...
Registered in 0.000580 seconds.
Begin MonoManager ReloadAssembly
Native extension for WindowsStandalone target not found
Refreshing native plugins compatible for Editor in 0.29 ms, found 0 plugins.
Preloading 0 native plugins for Editor in 0.00 ms.
Mono: successfully reloaded assembly
- Completed reload, in  0.689 seconds
Platform modules already initialized, skipping
Refreshing native plugins compatible for Editor in 0.26 ms, found 0 plugins.
Preloading 0 native plugins for Editor in 0.00 ms.
Unloading 1162 Unused Serialized files (Serialized files now loaded: 0)
System memory in use before: 63.0 MB.
System memory in use after: 63.1 MB.

Unloading 5 unused Assets to reduce memory usage. Loaded Objects now: 1647.
Total: 1.742600 ms (FindLiveObjects: 0.145300 ms CreateObjectMapping: 0.029800 ms MarkObjects: 1.523000 ms  DeleteObjects: 0.043600 ms)

========================================================================
Received Prepare
Registering precompiled user dll's ...
Registered in 0.000400 seconds.
Begin MonoManager ReloadAssembly
Native extension for WindowsStandalone target not found
Refreshing native plugins compatible for Editor in 0.30 ms, found 0 plugins.
Preloading 0 native plugins for Editor in 0.00 ms.
Mono: successfully reloaded assembly
- Completed reload, in  0.633 seconds
Platform modules already initialized, skipping
Refreshing native plugins compatible for Editor in 0.29 ms, found 0 plugins.
Preloading 0 native plugins for Editor in 0.00 ms.
Unloading 1162 Unused Serialized files (Serialized files now loaded: 0)
System memory in use before: 63.0 MB.
System memory in use after: 63.1 MB.

Unloading 5 unused Assets to reduce memory usage. Loaded Objects now: 1650.
Total: 2.176700 ms (FindLiveObjects: 0.320500 ms CreateObjectMapping: 0.042900 ms MarkObjects: 1.737300 ms  DeleteObjects: 0.074400 ms)

========================================================================
Received Prepare
Registering precompiled user dll's ...
Registered in 0.000432 seconds.
Begin MonoManager ReloadAssembly
Native extension for WindowsStandalone target not found
Refreshing native plugins compatible for Editor in 0.27 ms, found 0 plugins.
Preloading 0 native plugins for Editor in 0.00 ms.
Mono: successfully reloaded assembly
- Completed reload, in  0.636 seconds
Platform modules already initialized, skipping
Refreshing native plugins compatible for Editor in 0.27 ms, found 0 plugins.
Preloading 0 native plugins for Editor in 0.00 ms.
Unloading 1162 Unused Serialized files (Serialized files now loaded: 0)
System memory in use before: 63.0 MB.
System memory in use after: 63.1 MB.

Unloading 5 unused Assets to reduce memory usage. Loaded Objects now: 1653.
Total: 1.828000 ms (FindLiveObjects: 0.164500 ms CreateObjectMapping: 0.027300 ms MarkObjects: 1.589200 ms  DeleteObjects: 0.045700 ms)

========================================================================
Received Prepare
Registering precompiled user dll's ...
Registered in 0.000427 seconds.
Begin MonoManager ReloadAssembly
Native extension for WindowsStandalone target not found
Refreshing native plugins compatible for Editor in 0.27 ms, found 0 plugins.
Preloading 0 native plugins for Editor in 0.00 ms.
Mono: successfully reloaded assembly
- Completed reload, in  0.637 seconds
Platform modules already initialized, skipping
Refreshing native plugins compatible for Editor in 0.28 ms, found 0 plugins.
Preloading 0 native plugins for Editor in 0.00 ms.
Unloading 1162 Unused Serialized files (Serialized files now loaded: 0)
System memory in use before: 63.0 MB.
System memory in use after: 63.1 MB.

Unloading 5 unused Assets to reduce memory usage. Loaded Objects now: 1656.
Total: 1.892500 ms (FindLiveObjects: 0.268900 ms CreateObjectMapping: 0.042700 ms MarkObjects: 1.508100 ms  DeleteObjects: 0.071500 ms)

========================================================================
Received Prepare
Registering precompiled user dll's ...
Registered in 0.000684 seconds.
Begin MonoManager ReloadAssembly
Native extension for WindowsStandalone target not found
Refreshing native plugins compatible for Editor in 0.31 ms, found 0 plugins.
Preloading 0 native plugins for Editor in 0.00 ms.
Mono: successfully reloaded assembly
- Completed reload, in  0.652 seconds
Platform modules already initialized, skipping
Refreshing native plugins compatible for Editor in 0.27 ms, found 0 plugins.
Preloading 0 native plugins for Editor in 0.00 ms.
Unloading 1162 Unused Serialized files (Serialized files now loaded: 0)
System memory in use before: 63.0 MB.
System memory in use after: 63.1 MB.

Unloading 5 unused Assets to reduce memory usage. Loaded Objects now: 1659.
Total: 1.552900 ms (FindLiveObjects: 0.160900 ms CreateObjectMapping: 0.028300 ms MarkObjects: 1.311900 ms  DeleteObjects: 0.051000 ms)

AssetImportWorkerClient::OnTransportError - code=2 error=End of file
